::1 - - [13/Jun/2017:11:42:54 +0800] "GET /phpmyadmin/ HTTP/1.1" 404 209
::1 - - [13/Jun/2017:11:42:57 +0800] "GET / HTTP/1.1" 200 46
::1 - - [13/Jun/2017:11:43:30 +0800] "GET / HTTP/1.1" 304 -
::1 - - [13/Jun/2017:11:43:30 +0800] "GET / HTTP/1.1" 304 -
::1 - - [13/Jun/2017:11:43:30 +0800] "GET / HTTP/1.1" 304 -
::1 - - [13/Jun/2017:11:43:50 +0800] "GET / HTTP/1.1" 304 -
::1 - - [13/Jun/2017:11:43:50 +0800] "GET / HTTP/1.1" 304 -
::1 - - [13/Jun/2017:11:43:51 +0800] "GET / HTTP/1.1" 304 -
::1 - - [13/Jun/2017:11:43:51 +0800] "GET / HTTP/1.1" 304 -
::1 - - [13/Jun/2017:11:44:51 +0800] "-" 408 -
::1 - - [13/Jun/2017:11:47:39 +0800] "GET / HTTP/1.1" 304 -
::1 - - [13/Jun/2017:11:47:39 +0800] "GET / HTTP/1.1" 304 -
::1 - - [13/Jun/2017:11:47:39 +0800] "GET / HTTP/1.1" 304 -
::1 - - [13/Jun/2017:11:47:39 +0800] "GET / HTTP/1.1" 304 -
::1 - - [13/Jun/2017:11:47:40 +0800] "GET / HTTP/1.1" 304 -
::1 - - [13/Jun/2017:14:04:04 +0800] "GET /phpmyadmin HTTP/1.1" 404 208
::1 - - [13/Jun/2017:14:04:04 +0800] "GET /favicon.ico HTTP/1.1" 404 209
::1 - - [13/Jun/2017:14:04:05 +0800] "GET /phpmyadmin HTTP/1.1" 404 208
::1 - - [13/Jun/2017:14:04:05 +0800] "GET /phpmyadmin HTTP/1.1" 404 208
::1 - - [13/Jun/2017:14:04:05 +0800] "GET /phpmyadmin HTTP/1.1" 404 208
::1 - - [13/Jun/2017:14:04:06 +0800] "GET /phpmyadmin HTTP/1.1" 404 208
::1 - - [13/Jun/2017:14:04:06 +0800] "GET /phpmyadmin HTTP/1.1" 404 208
::1 - - [13/Jun/2017:15:42:18 +0800] "GET /phpmyadmin/ HTTP/1.1" 403 220
::1 - - [13/Jun/2017:15:42:21 +0800] "GET /phpmyadmin/index HTTP/1.1" 403 225
::1 - - [13/Jun/2017:15:42:24 +0800] "GET /phpmyadmin/index.php HTTP/1.1" 403 229
::1 - - [13/Jun/2017:15:42:31 +0800] "GET / HTTP/1.1" 403 209
::1 - - [13/Jun/2017:15:42:31 +0800] "GET /favicon.ico HTTP/1.1" 403 220
::1 - - [13/Jun/2017:15:42:31 +0800] "GET / HTTP/1.1" 403 209
::1 - - [13/Jun/2017:15:42:31 +0800] "GET /favicon.ico HTTP/1.1" 403 220
::1 - - [13/Jun/2017:15:42:33 +0800] "GET / HTTP/1.1" 403 209
::1 - - [13/Jun/2017:15:42:33 +0800] "GET /favicon.ico HTTP/1.1" 403 220
::1 - - [13/Jun/2017:15:42:34 +0800] "GET / HTTP/1.1" 403 209
::1 - - [13/Jun/2017:15:42:34 +0800] "GET /favicon.ico HTTP/1.1" 403 220
::1 - - [13/Jun/2017:15:42:34 +0800] "GET / HTTP/1.1" 403 209
::1 - - [13/Jun/2017:15:42:34 +0800] "GET /favicon.ico HTTP/1.1" 403 220
::1 - - [13/Jun/2017:15:42:34 +0800] "GET / HTTP/1.1" 403 209
::1 - - [13/Jun/2017:15:42:34 +0800] "GET /favicon.ico HTTP/1.1" 403 220
::1 - - [13/Jun/2017:15:42:42 +0800] "GET /index.php HTTP/1.1" 403 218
::1 - - [13/Jun/2017:15:42:42 +0800] "GET /favicon.ico HTTP/1.1" 403 220
::1 - - [13/Jun/2017:15:49:15 +0800] "GET /index.php HTTP/1.1" 403 218
::1 - - [13/Jun/2017:15:49:15 +0800] "GET /favicon.ico HTTP/1.1" 403 220
::1 - - [13/Jun/2017:15:49:16 +0800] "GET /index.php HTTP/1.1" 403 218
::1 - - [13/Jun/2017:15:49:16 +0800] "GET /favicon.ico HTTP/1.1" 403 220
::1 - - [13/Jun/2017:15:49:17 +0800] "GET /index.php HTTP/1.1" 403 218
::1 - - [13/Jun/2017:15:49:17 +0800] "GET /favicon.ico HTTP/1.1" 403 220
::1 - - [13/Jun/2017:15:49:17 +0800] "GET /index.php HTTP/1.1" 403 218
::1 - - [13/Jun/2017:15:49:17 +0800] "GET /favicon.ico HTTP/1.1" 403 220
::1 - - [13/Jun/2017:15:49:17 +0800] "GET /index.php HTTP/1.1" 403 218
::1 - - [13/Jun/2017:15:49:17 +0800] "GET /favicon.ico HTTP/1.1" 403 220
::1 - - [13/Jun/2017:15:49:17 +0800] "GET /index.php HTTP/1.1" 403 218
::1 - - [13/Jun/2017:15:49:17 +0800] "GET /favicon.ico HTTP/1.1" 403 220
::1 - - [13/Jun/2017:15:49:17 +0800] "GET /index.php HTTP/1.1" 403 218
::1 - - [13/Jun/2017:15:49:17 +0800] "GET /favicon.ico HTTP/1.1" 403 220
::1 - - [13/Jun/2017:15:50:23 +0800] "GET /index.php HTTP/1.1" 200 54
::1 - - [13/Jun/2017:15:50:23 +0800] "GET /favicon.ico HTTP/1.1" 404 209
::1 - - [13/Jun/2017:15:50:24 +0800] "GET /index.php HTTP/1.1" 304 -
::1 - - [13/Jun/2017:15:50:24 +0800] "GET /index.php HTTP/1.1" 304 -
::1 - - [13/Jun/2017:15:50:24 +0800] "GET /index.php HTTP/1.1" 304 -
::1 - - [13/Jun/2017:15:50:25 +0800] "GET /index.php HTTP/1.1" 304 -
::1 - - [13/Jun/2017:15:50:25 +0800] "GET /index.php HTTP/1.1" 304 -
::1 - - [13/Jun/2017:16:35:23 +0800] "GET / HTTP/1.1" 403 209
::1 - - [13/Jun/2017:16:35:25 +0800] "GET / HTTP/1.1" 403 209
::1 - - [13/Jun/2017:16:35:25 +0800] "GET / HTTP/1.1" 403 209
::1 - - [13/Jun/2017:16:35:25 +0800] "GET / HTTP/1.1" 403 209
::1 - - [13/Jun/2017:16:35:27 +0800] "GET /index.php HTTP/1.1" 304 -
::1 - - [13/Jun/2017:16:35:28 +0800] "GET /index.php HTTP/1.1" 304 -
::1 - - [13/Jun/2017:16:35:28 +0800] "GET /index.php HTTP/1.1" 304 -
::1 - - [13/Jun/2017:16:35:28 +0800] "GET /index.php HTTP/1.1" 304 -
::1 - - [13/Jun/2017:16:35:28 +0800] "GET /index.php HTTP/1.1" 304 -
::1 - - [13/Jun/2017:16:35:28 +0800] "GET /index.php HTTP/1.1" 304 -
::1 - - [13/Jun/2017:16:35:29 +0800] "GET /index.php HTTP/1.1" 304 -
::1 - - [13/Jun/2017:16:35:29 +0800] "GET /index.php HTTP/1.1" 304 -
::1 - - [13/Jun/2017:16:35:29 +0800] "GET /index.php HTTP/1.1" 304 -
::1 - - [13/Jun/2017:16:35:29 +0800] "GET /index.php HTTP/1.1" 304 -
::1 - - [13/Jun/2017:16:35:29 +0800] "GET /index.php HTTP/1.1" 304 -
::1 - - [13/Jun/2017:16:35:29 +0800] "GET /index.php HTTP/1.1" 304 -
::1 - - [13/Jun/2017:16:35:32 +0800] "GET / HTTP/1.1" 403 209
::1 - - [13/Jun/2017:16:35:32 +0800] "GET /favicon.ico HTTP/1.1" 404 209
::1 - - [13/Jun/2017:16:35:33 +0800] "GET / HTTP/1.1" 403 209
::1 - - [13/Jun/2017:16:35:33 +0800] "GET /favicon.ico HTTP/1.1" 404 209
::1 - - [13/Jun/2017:16:35:35 +0800] "GET / HTTP/1.1" 403 209
::1 - - [13/Jun/2017:16:35:44 +0800] "GET /index HTTP/1.1" 404 203
::1 - - [13/Jun/2017:16:35:51 +0800] "GET /index.php HTTP/1.1" 304 -
::1 - - [13/Jun/2017:16:35:51 +0800] "GET /index.php HTTP/1.1" 304 -
::1 - - [13/Jun/2017:16:35:51 +0800] "GET /index.php HTTP/1.1" 304 -
::1 - - [13/Jun/2017:16:35:51 +0800] "GET /index.php HTTP/1.1" 304 -
::1 - - [13/Jun/2017:16:37:07 +0800] "GET /index.php HTTP/1.1" 304 -
::1 - - [13/Jun/2017:16:37:07 +0800] "GET /index.php HTTP/1.1" 304 -
::1 - - [13/Jun/2017:16:37:07 +0800] "GET /index.php HTTP/1.1" 304 -
::1 - - [13/Jun/2017:16:37:07 +0800] "GET /index.php HTTP/1.1" 304 -
::1 - - [13/Jun/2017:16:37:07 +0800] "GET /index.php HTTP/1.1" 304 -
::1 - - [13/Jun/2017:16:37:08 +0800] "GET /index.php HTTP/1.1" 304 -
::1 - - [13/Jun/2017:16:37:08 +0800] "GET /index.php HTTP/1.1" 304 -
::1 - - [13/Jun/2017:16:37:08 +0800] "GET /index.php HTTP/1.1" 304 -
::1 - - [13/Jun/2017:16:37:08 +0800] "GET /index.php HTTP/1.1" 304 -
::1 - - [13/Jun/2017:16:37:08 +0800] "GET /index.php HTTP/1.1" 304 -
::1 - - [13/Jun/2017:16:37:08 +0800] "GET /index.php HTTP/1.1" 304 -
::1 - - [13/Jun/2017:16:38:26 +0800] "GET /index.php HTTP/1.1" 200 39
::1 - - [13/Jun/2017:16:38:27 +0800] "GET /index.php HTTP/1.1" 200 39
::1 - - [13/Jun/2017:16:38:27 +0800] "GET /index.php HTTP/1.1" 200 39
::1 - - [13/Jun/2017:16:42:36 +0800] "GET /phpmyadmin/ HTTP/1.1" 403 220
::1 - - [13/Jun/2017:16:42:39 +0800] "GET /phpmyadmin/index HTTP/1.1" 404 214
::1 - - [13/Jun/2017:16:42:42 +0800] "GET /phpmyadmin/index.php HTTP/1.1" 200 808
::1 - - [13/Jun/2017:16:43:39 +0800] "GET /index.php HTTP/1.1" 200 89389
::1 - - [13/Jun/2017:16:44:40 +0800] "-" 408 -
::1 - - [13/Jun/2017:16:48:36 +0800] "GET /phpmyadmin HTTP/1.1" 301 236
::1 - - [13/Jun/2017:16:48:36 +0800] "GET /phpmyadmin/ HTTP/1.1" 403 220
::1 - - [13/Jun/2017:16:48:41 +0800] "GET /index.php HTTP/1.1" 200 89623
::1 - - [13/Jun/2017:16:48:42 +0800] "GET /index.php HTTP/1.1" 200 89623
::1 - - [13/Jun/2017:16:48:42 +0800] "GET /index.php HTTP/1.1" 200 89623
::1 - - [13/Jun/2017:16:48:42 +0800] "GET /index.php HTTP/1.1" 200 89623
::1 - - [13/Jun/2017:16:48:42 +0800] "GET /index.php HTTP/1.1" 200 89622
::1 - - [13/Jun/2017:16:48:42 +0800] "GET /index.php HTTP/1.1" 200 89623
::1 - - [13/Jun/2017:16:48:43 +0800] "GET /index.php HTTP/1.1" 200 89623
::1 - - [13/Jun/2017:16:48:43 +0800] "GET /index.php HTTP/1.1" 200 89623
::1 - - [13/Jun/2017:16:48:43 +0800] "GET /index.php HTTP/1.1" 200 89623
::1 - - [13/Jun/2017:16:48:43 +0800] "GET /index.php HTTP/1.1" 200 89623
::1 - - [13/Jun/2017:16:48:48 +0800] "GET /index.php HTTP/1.1" 200 89832
::1 - - [13/Jun/2017:16:48:48 +0800] "GET /favicon.ico HTTP/1.1" 404 209
::1 - - [13/Jun/2017:16:49:30 +0800] "GET /index.php HTTP/1.1" 200 84176
::1 - - [13/Jun/2017:16:49:31 +0800] "GET /index.php HTTP/1.1" 200 84177
::1 - - [13/Jun/2017:16:49:31 +0800] "GET /index.php HTTP/1.1" 200 84177
::1 - - [13/Jun/2017:16:49:32 +0800] "GET /index.php HTTP/1.1" 200 84177
::1 - - [13/Jun/2017:16:49:32 +0800] "GET /index.php HTTP/1.1" 200 84176
::1 - - [13/Jun/2017:16:49:32 +0800] "GET /index.php HTTP/1.1" 200 84177
::1 - - [13/Jun/2017:16:49:33 +0800] "GET /index.php HTTP/1.1" 200 84177
::1 - - [13/Jun/2017:16:49:33 +0800] "GET /index.php HTTP/1.1" 200 84177
::1 - - [13/Jun/2017:16:49:33 +0800] "GET /index.php HTTP/1.1" 200 84177
::1 - - [13/Jun/2017:16:49:33 +0800] "GET /index.php HTTP/1.1" 200 84177
::1 - - [13/Jun/2017:16:49:34 +0800] "GET /index.php HTTP/1.1" 200 84177
::1 - - [13/Jun/2017:16:51:02 +0800] "GET /phpmyadmin/index.php HTTP/1.1" 200 808
::1 - - [13/Jun/2017:16:51:04 +0800] "GET /phpmyadmin/index.php HTTP/1.1" 200 808
::1 - - [13/Jun/2017:16:51:05 +0800] "GET /phpmyadmin/index.php HTTP/1.1" 200 808
::1 - - [13/Jun/2017:16:51:05 +0800] "GET /phpmyadmin/index.php HTTP/1.1" 200 808
::1 - - [13/Jun/2017:16:51:06 +0800] "GET /phpmyadmin/index.php HTTP/1.1" 200 808
::1 - - [13/Jun/2017:16:51:06 +0800] "GET /phpmyadmin/index.php HTTP/1.1" 200 808
::1 - - [13/Jun/2017:16:51:06 +0800] "GET /phpmyadmin/index.php HTTP/1.1" 200 808
::1 - - [13/Jun/2017:16:51:06 +0800] "GET /phpmyadmin/index.php HTTP/1.1" 200 808
::1 - - [13/Jun/2017:16:51:06 +0800] "GET /phpmyadmin/index.php HTTP/1.1" 200 808
::1 - - [13/Jun/2017:16:51:06 +0800] "GET /phpmyadmin/index.php HTTP/1.1" 200 808
::1 - - [13/Jun/2017:16:51:07 +0800] "GET /phpmyadmin/index.php HTTP/1.1" 200 808
::1 - - [13/Jun/2017:16:51:07 +0800] "GET /phpmyadmin/index.php HTTP/1.1" 200 808
::1 - - [13/Jun/2017:16:51:07 +0800] "GET /phpmyadmin/index.php HTTP/1.1" 200 808
::1 - - [13/Jun/2017:16:51:07 +0800] "GET /phpmyadmin/index.php HTTP/1.1" 200 808
::1 - - [13/Jun/2017:16:51:07 +0800] "GET /phpmyadmin/index.php HTTP/1.1" 200 808
::1 - - [13/Jun/2017:16:51:07 +0800] "GET /phpmyadmin/index.php HTTP/1.1" 200 808
::1 - - [13/Jun/2017:16:51:11 +0800] "GET /phpmyadmin/index.php HTTP/1.1" 200 808
::1 - - [13/Jun/2017:16:51:11 +0800] "GET /favicon.ico HTTP/1.1" 404 209
::1 - - [13/Jun/2017:16:51:12 +0800] "GET /phpmyadmin/index.php HTTP/1.1" 200 808
::1 - - [13/Jun/2017:16:51:12 +0800] "GET /favicon.ico HTTP/1.1" 404 209
::1 - - [13/Jun/2017:16:52:03 +0800] "GET /phpmyadmin/index.php HTTP/1.1" 200 808
::1 - - [13/Jun/2017:16:52:04 +0800] "GET /phpmyadmin/index.php HTTP/1.1" 200 808
::1 - - [13/Jun/2017:16:52:04 +0800] "GET /phpmyadmin/index.php HTTP/1.1" 200 808
::1 - - [13/Jun/2017:16:52:04 +0800] "GET /phpmyadmin/index.php HTTP/1.1" 200 808
::1 - - [13/Jun/2017:16:52:04 +0800] "GET /phpmyadmin/index.php HTTP/1.1" 200 808
::1 - - [13/Jun/2017:16:52:05 +0800] "GET /phpmyadmin/index.php HTTP/1.1" 200 808
::1 - - [13/Jun/2017:16:52:05 +0800] "GET /phpmyadmin/index.php HTTP/1.1" 200 808
::1 - - [13/Jun/2017:16:52:05 +0800] "GET /phpmyadmin/index.php HTTP/1.1" 200 808
::1 - - [13/Jun/2017:16:52:05 +0800] "GET /phpmyadmin/index.php HTTP/1.1" 200 808
::1 - - [13/Jun/2017:16:52:53 +0800] "GET /index.php HTTP/1.1" 200 84387
::1 - - [13/Jun/2017:16:52:53 +0800] "GET /favicon.ico HTTP/1.1" 404 209
::1 - - [13/Jun/2017:16:54:05 +0800] "GET /index.php HTTP/1.1" 200 84178
::1 - - [13/Jun/2017:16:55:09 +0800] "GET /index.php HTTP/1.1" 200 84178
::1 - - [13/Jun/2017:16:55:09 +0800] "GET /index.php HTTP/1.1" 200 84178
::1 - - [13/Jun/2017:16:55:10 +0800] "GET /index.php HTTP/1.1" 200 84178
::1 - - [13/Jun/2017:16:55:10 +0800] "GET /index.php HTTP/1.1" 200 84177
::1 - - [13/Jun/2017:16:58:39 +0800] "GET /index.php HTTP/1.1" 200 84373
::1 - - [13/Jun/2017:16:58:39 +0800] "GET /favicon.ico HTTP/1.1" 404 209
::1 - - [13/Jun/2017:16:58:44 +0800] "GET /phpmyadmin/index.php HTTP/1.1" 200 808
::1 - - [13/Jun/2017:16:58:45 +0800] "GET /phpmyadmin/index.php HTTP/1.1" 200 808
::1 - - [13/Jun/2017:16:58:45 +0800] "GET /phpmyadmin/index.php HTTP/1.1" 200 808
::1 - - [13/Jun/2017:16:58:45 +0800] "GET /phpmyadmin/index.php HTTP/1.1" 200 808
::1 - - [13/Jun/2017:16:58:46 +0800] "GET /phpmyadmin/index.php HTTP/1.1" 200 808
::1 - - [13/Jun/2017:16:58:46 +0800] "GET /phpmyadmin/index.php HTTP/1.1" 200 808
::1 - - [13/Jun/2017:16:58:46 +0800] "GET /phpmyadmin/index.php HTTP/1.1" 200 808
::1 - - [13/Jun/2017:16:59:48 +0800] "GET /index.php HTTP/1.1" 200 84168
::1 - - [13/Jun/2017:16:59:49 +0800] "GET /index.php HTTP/1.1" 200 84168
::1 - - [13/Jun/2017:16:59:49 +0800] "GET /index.php HTTP/1.1" 200 84168
::1 - - [13/Jun/2017:17:00:51 +0800] "GET /index.php HTTP/1.1" 200 84167
::1 - - [13/Jun/2017:17:00:52 +0800] "GET /index.php HTTP/1.1" 200 84167
::1 - - [13/Jun/2017:17:00:53 +0800] "GET /index.php HTTP/1.1" 200 84167
::1 - - [13/Jun/2017:17:00:53 +0800] "GET /index.php HTTP/1.1" 200 84167
::1 - - [13/Jun/2017:17:00:53 +0800] "GET /index.php HTTP/1.1" 200 84167
::1 - - [13/Jun/2017:17:00:53 +0800] "GET /index.php HTTP/1.1" 200 84167
::1 - - [13/Jun/2017:17:02:48 +0800] "GET /index.php HTTP/1.1" 200 89562
::1 - - [13/Jun/2017:17:02:58 +0800] "GET /phpmyadmin/index.php HTTP/1.1" 200 5114
::1 - - [13/Jun/2017:17:02:59 +0800] "GET /phpmyadmin/themes/pmahomme/jquery/jquery-ui-1.9.2.custom.css HTTP/1.1" 200 32278
::1 - - [13/Jun/2017:17:02:59 +0800] "GET /phpmyadmin/phpmyadmin.css.php?server=1&token=886127f3f8404b64af10e27d8c44b6d4&nocache=4265509984ltr HTTP/1.1" 200 93053
::1 - - [13/Jun/2017:17:02:59 +0800] "GET /phpmyadmin/js/get_scripts.js.php?token=886127f3f8404b64af10e27d8c44b6d4&scripts[]=jquery/jquery-1.8.3.min.js&scripts[]=ajax.js&scripts[]=keyhandler.js&scripts[]=jquery/jquery-ui-1.9.2.custom.min.js&scripts[]=jquery/jquery.sprintf.js&scripts[]=jquery/jquery.cookie.js&scripts[]=jquery/jquery.mousewheel.js&scripts[]=jquery/jquery.event.drag-2.2.js&scripts[]=jquery/jquery-ui-timepicker-addon.js&scripts[]=jquery/jquery.ba-hashchange-1.3.js&scripts[]=jquery/jquery.debounce-1.0.5.js&scripts[]=jquery/jquery.menuResizer-1.0.js&scripts[]=cross_framing_protection.js&scripts[]=rte.js&scripts[]=tracekit/tracekit.js&scripts[]=error_report.js&scripts[]=doclinks.js&scripts[]=functions.js&scripts[]=navigation.js&scripts[]=indexes.js&scripts[]=common.js&scripts[]=codemirror/lib/codemirror.js&scripts[]=codemirror/mode/sql/sql.js&scripts[]=codemirror/addon/runmode/runmode.js HTTP/1.1" 200 1039434
::1 - - [13/Jun/2017:17:02:59 +0800] "GET /phpmyadmin/js/messages.php?lang=zh_CN&db=&token=886127f3f8404b64af10e27d8c44b6d4 HTTP/1.1" 200 17263
::1 - - [13/Jun/2017:17:02:59 +0800] "GET /phpmyadmin/themes/dot.gif HTTP/1.1" 200 43
::1 - - [13/Jun/2017:17:02:59 +0800] "GET /phpmyadmin/js/get_image.js.php?theme=pmahomme HTTP/1.1" 200 6388
::1 - - [13/Jun/2017:17:02:59 +0800] "GET /phpmyadmin/themes/pmahomme/img/sprites.png HTTP/1.1" 200 41626
::1 - - [13/Jun/2017:17:03:00 +0800] "GET /phpmyadmin/favicon.ico HTTP/1.1" 200 18902
::1 - - [13/Jun/2017:17:03:07 +0800] "GET /phpmyadmin/index.php HTTP/1.1" 200 5322
::1 - - [13/Jun/2017:17:03:07 +0800] "GET /phpmyadmin/favicon.ico HTTP/1.1" 200 18902
::1 - - [13/Jun/2017:17:03:08 +0800] "GET /phpmyadmin/index.php HTTP/1.1" 200 5322
::1 - - [13/Jun/2017:17:03:08 +0800] "GET /phpmyadmin/favicon.ico HTTP/1.1" 200 18902
::1 - - [13/Jun/2017:17:03:08 +0800] "GET /phpmyadmin/index.php HTTP/1.1" 200 5322
::1 - - [13/Jun/2017:17:03:08 +0800] "GET /phpmyadmin/favicon.ico HTTP/1.1" 200 18902
::1 - - [13/Jun/2017:17:03:09 +0800] "GET /phpmyadmin/index.php HTTP/1.1" 200 5322
::1 - - [13/Jun/2017:17:03:09 +0800] "GET /phpmyadmin/favicon.ico HTTP/1.1" 200 18902
::1 - - [13/Jun/2017:17:03:09 +0800] "GET /phpmyadmin/index.php HTTP/1.1" 200 5322
::1 - - [13/Jun/2017:17:03:09 +0800] "GET /phpmyadmin/favicon.ico HTTP/1.1" 200 18902
::1 - - [13/Jun/2017:17:03:10 +0800] "GET /phpmyadmin/index.php HTTP/1.1" 200 5322
::1 - - [13/Jun/2017:17:03:10 +0800] "GET /phpmyadmin/favicon.ico HTTP/1.1" 200 18902
::1 - - [13/Jun/2017:17:03:10 +0800] "GET /phpmyadmin/index.php HTTP/1.1" 200 5322
::1 - - [13/Jun/2017:17:03:10 +0800] "GET /phpmyadmin/favicon.ico HTTP/1.1" 200 18902
::1 - - [13/Jun/2017:17:03:10 +0800] "GET /phpmyadmin/index.php HTTP/1.1" 200 5322
::1 - - [13/Jun/2017:17:03:10 +0800] "GET /phpmyadmin/favicon.ico HTTP/1.1" 200 18902
::1 - - [13/Jun/2017:17:03:10 +0800] "GET /phpmyadmin/index.php HTTP/1.1" 200 5322
::1 - - [13/Jun/2017:17:03:11 +0800] "GET /phpmyadmin/index.php HTTP/1.1" 200 5322
::1 - - [13/Jun/2017:17:03:11 +0800] "GET /phpmyadmin/favicon.ico HTTP/1.1" 200 18902
::1 - - [13/Jun/2017:17:04:42 +0800] "GET /phpmyadmin/index.php HTTP/1.1" 200 5322
::1 - - [13/Jun/2017:17:04:42 +0800] "GET /phpmyadmin/favicon.ico HTTP/1.1" 200 18902
::1 - - [13/Jun/2017:17:41:56 +0800] "GET /phpmyadmin/ HTTP/1.1" 403 220
::1 - - [13/Jun/2017:17:42:42 +0800] "GET /phpmyadmin/ HTTP/1.1" 403 220
::1 - - [13/Jun/2017:17:42:43 +0800] "GET /phpmyadmin/ HTTP/1.1" 403 220
::1 - - [13/Jun/2017:17:42:44 +0800] "GET /phpmyadmin/ HTTP/1.1" 403 220
::1 - - [13/Jun/2017:17:42:44 +0800] "GET /phpmyadmin/ HTTP/1.1" 403 220
::1 - - [13/Jun/2017:17:42:44 +0800] "GET /phpmyadmin/ HTTP/1.1" 403 220
127.0.0.1 - - [13/Jun/2017:17:43:55 +0800] "GET /phpmyadmin/ HTTP/1.1" 200 5114
127.0.0.1 - - [13/Jun/2017:17:43:57 +0800] "GET /phpmyadmin/favicon.ico HTTP/1.1" 200 18902
127.0.0.1 - - [13/Jun/2017:17:44:00 +0800] "GET / HTTP/1.1" 200 89371
::1 - - [13/Jun/2017:17:44:45 +0800] "GET / HTTP/1.1" 200 39
::1 - - [13/Jun/2017:17:44:45 +0800] "GET / HTTP/1.1" 200 39
::1 - - [13/Jun/2017:17:44:45 +0800] "GET / HTTP/1.1" 200 39
::1 - - [13/Jun/2017:17:44:45 +0800] "GET / HTTP/1.1" 200 39
::1 - - [14/Jun/2017:15:05:28 +0800] "GET /phpmyadmin/ HTTP/1.1" 200 5114
::1 - - [14/Jun/2017:15:05:30 +0800] "GET /phpmyadmin/js/get_image.js.php?theme=pmahomme HTTP/1.1" 200 6388
::1 - - [14/Jun/2017:15:05:30 +0800] "GET /phpmyadmin/js/get_scripts.js.php?token=886127f3f8404b64af10e27d8c44b6d4&scripts[]=jquery/jquery-1.8.3.min.js&scripts[]=ajax.js&scripts[]=keyhandler.js&scripts[]=jquery/jquery-ui-1.9.2.custom.min.js&scripts[]=jquery/jquery.sprintf.js&scripts[]=jquery/jquery.cookie.js&scripts[]=jquery/jquery.mousewheel.js&scripts[]=jquery/jquery.event.drag-2.2.js&scripts[]=jquery/jquery-ui-timepicker-addon.js&scripts[]=jquery/jquery.ba-hashchange-1.3.js&scripts[]=jquery/jquery.debounce-1.0.5.js&scripts[]=jquery/jquery.menuResizer-1.0.js&scripts[]=cross_framing_protection.js&scripts[]=rte.js&scripts[]=tracekit/tracekit.js&scripts[]=error_report.js&scripts[]=doclinks.js&scripts[]=functions.js&scripts[]=navigation.js&scripts[]=indexes.js&scripts[]=common.js&scripts[]=codemirror/lib/codemirror.js&scripts[]=codemirror/mode/sql/sql.js&scripts[]=codemirror/addon/runmode/runmode.js HTTP/1.1" 200 1039434
::1 - - [14/Jun/2017:15:05:30 +0800] "GET /phpmyadmin/phpmyadmin.css.php?server=1&token=886127f3f8404b64af10e27d8c44b6d4&nocache=4265509984ltr HTTP/1.1" 200 93053
::1 - - [14/Jun/2017:15:05:30 +0800] "GET /phpmyadmin/js/messages.php?lang=zh_CN&db=&token=886127f3f8404b64af10e27d8c44b6d4 HTTP/1.1" 200 17263
::1 - - [14/Jun/2017:15:05:31 +0800] "GET / HTTP/1.1" 200 39
::1 - - [14/Jun/2017:15:05:33 +0800] "GET / HTTP/1.1" 200 39
::1 - - [14/Jun/2017:15:05:33 +0800] "GET / HTTP/1.1" 200 39
::1 - - [14/Jun/2017:15:05:33 +0800] "GET / HTTP/1.1" 200 39
::1 - - [14/Jun/2017:15:05:33 +0800] "GET / HTTP/1.1" 200 39
::1 - - [14/Jun/2017:15:06:04 +0800] "GET / HTTP/1.1" 200 47
::1 - - [14/Jun/2017:15:06:21 +0800] "GET / HTTP/1.1" 200 89573
::1 - - [14/Jun/2017:15:06:22 +0800] "GET / HTTP/1.1" 200 89574
::1 - - [14/Jun/2017:15:07:05 +0800] "GET / HTTP/1.1" 200 47
::1 - - [14/Jun/2017:15:07:06 +0800] "GET /favicon.ico HTTP/1.1" 404 209
::1 - - [14/Jun/2017:15:07:06 +0800] "GET / HTTP/1.1" 200 47
::1 - - [14/Jun/2017:15:07:06 +0800] "GET /favicon.ico HTTP/1.1" 404 209
::1 - - [14/Jun/2017:15:07:14 +0800] "GET / HTTP/1.1" 200 39
::1 - - [14/Jun/2017:15:07:14 +0800] "GET / HTTP/1.1" 200 39
::1 - - [14/Jun/2017:15:07:14 +0800] "GET / HTTP/1.1" 200 39
::1 - - [14/Jun/2017:15:07:14 +0800] "GET / HTTP/1.1" 200 39
::1 - - [14/Jun/2017:15:07:15 +0800] "GET / HTTP/1.1" 200 39
::1 - - [14/Jun/2017:15:09:54 +0800] "GET / HTTP/1.1" 200 39
::1 - - [14/Jun/2017:15:09:58 +0800] "GET /phpmyadmin/ HTTP/1.1" 200 46217
::1 - - [14/Jun/2017:15:09:58 +0800] "GET /phpmyadmin/themes/pmahomme/img/logo_left.png HTTP/1.1" 200 2327
::1 - - [14/Jun/2017:15:09:58 +0800] "GET /phpmyadmin/themes/pmahomme/img/ajax_clock_small.gif HTTP/1.1" 200 1810
::1 - - [14/Jun/2017:15:09:58 +0800] "GET /phpmyadmin/phpmyadmin.css.php?server=1&token=886127f3f8404b64af10e27d8c44b6d4&nocache=5792659985ltr HTTP/1.1" 200 93053
::1 - - [14/Jun/2017:15:09:58 +0800] "GET /phpmyadmin/themes/pmahomme/img/left_nav_bg.png HTTP/1.1" 200 297
::1 - - [14/Jun/2017:15:09:58 +0800] "GET /phpmyadmin/version_check.php?&_nocache=1497424198494275353 HTTP/1.1" 200 28
::1 - - [14/Jun/2017:15:10:13 +0800] "GET /phpmyadmin/navigation.php?ajax_request=1&token=886127f3f8404b64af10e27d8c44b6d4&aPath=cm9vdA%3D%3D.c3lz&vPath=cm9vdA%3D%3D.c3lz&pos=0&pos2_name=&pos2_value=&searchClause=&searchClause2=&_nocache=1497424213453881209 HTTP/1.1" 200 6441
::1 - - [14/Jun/2017:15:10:15 +0800] "GET /phpmyadmin/navigation.php?ajax_request=1&token=886127f3f8404b64af10e27d8c44b6d4&aPath=cm9vdA%3D%3D.bXlzcWw%3D&vPath=cm9vdA%3D%3D.bXlzcWw%3D&pos=0&pos2_name=&pos2_value=&searchClause=&searchClause2=&_nocache=1497424215496538791 HTTP/1.1" 200 27648
::1 - - [14/Jun/2017:15:10:39 +0800] "GET /phpmyadmin/index.php?token=886127f3f8404b64af10e27d8c44b6d4&ajax_request=true&ajax_page_request=true&menuHashes=6e6d98c4&_nocache=1497424239390776543 HTTP/1.1" 200 43401
::1 - - [14/Jun/2017:15:10:39 +0800] "GET /phpmyadmin/version_check.php?&_nocache=1497424239546233209 HTTP/1.1" 200 28
::1 - - [14/Jun/2017:15:12:29 +0800] "GET /phpmyadmin/ HTTP/1.1" 200 46202
::1 - - [14/Jun/2017:15:12:30 +0800] "GET /phpmyadmin/phpmyadmin.css.php?server=1&token=886127f3f8404b64af10e27d8c44b6d4&nocache=5792660173ltr HTTP/1.1" 200 93053
::1 - - [14/Jun/2017:15:12:30 +0800] "GET /phpmyadmin/favicon.ico HTTP/1.1" 200 18902
::1 - - [14/Jun/2017:15:12:30 +0800] "GET /phpmyadmin/index.php?db=&table=&server=1&target=&token=886127f3f8404b64af10e27d8c44b6d4 HTTP/1.1" 200 46202
::1 - - [14/Jun/2017:15:12:30 +0800] "GET /phpmyadmin/version_check.php?&_nocache=1497424350503696877 HTTP/1.1" 200 28
::1 - - [14/Jun/2017:15:12:31 +0800] "GET /phpmyadmin/index.php?db=&table=&server=1&target=&token=886127f3f8404b64af10e27d8c44b6d4 HTTP/1.1" 200 46202
::1 - - [14/Jun/2017:15:12:31 +0800] "GET /phpmyadmin/favicon.ico HTTP/1.1" 200 18902
::1 - - [14/Jun/2017:15:12:31 +0800] "GET /phpmyadmin/index.php?db=&table=&server=1&target=&token=886127f3f8404b64af10e27d8c44b6d4 HTTP/1.1" 200 46202
::1 - - [14/Jun/2017:15:12:31 +0800] "GET /phpmyadmin/version_check.php?&_nocache=1497424351582489965 HTTP/1.1" 200 28
::1 - - [14/Jun/2017:15:12:48 +0800] "GET /phpmyadmin/index.php?db=&table=&server=1&target=&token=886127f3f8404b64af10e27d8c44b6d4 HTTP/1.1" 200 46193
::1 - - [14/Jun/2017:15:12:48 +0800] "GET /phpmyadmin/phpmyadmin.css.php?server=1&token=886127f3f8404b64af10e27d8c44b6d4&nocache=5792660194ltr HTTP/1.1" 200 93053
::1 - - [14/Jun/2017:15:12:49 +0800] "GET /phpmyadmin/favicon.ico HTTP/1.1" 200 18902
::1 - - [14/Jun/2017:15:12:49 +0800] "GET /phpmyadmin/index.php?db=&table=&server=1&target=&token=886127f3f8404b64af10e27d8c44b6d4 HTTP/1.1" 200 46193
::1 - - [14/Jun/2017:15:12:50 +0800] "GET /phpmyadmin/index.php?token=886127f3f8404b64af10e27d8c44b6d4&ajax_request=true&ajax_page_request=true&menuHashes=94e299f3&_nocache=1497424370677585506 HTTP/1.1" 200 43385
::1 - - [14/Jun/2017:15:12:49 +0800] "GET /phpmyadmin/version_check.php?&_nocache=1497424369221622363 HTTP/1.1" 200 28
::1 - - [14/Jun/2017:15:12:51 +0800] "GET /phpmyadmin/index.php?token=886127f3f8404b64af10e27d8c44b6d4&ajax_request=true&ajax_page_request=true&menuHashes=94e299f3&_nocache=1497424371528395715 HTTP/1.1" 200 43385
::1 - - [14/Jun/2017:15:12:50 +0800] "GET /phpmyadmin/version_check.php?&_nocache=1497424370840800073 HTTP/1.1" 200 28
::1 - - [14/Jun/2017:15:12:51 +0800] "GET /phpmyadmin/version_check.php?&_nocache=1497424371662721456 HTTP/1.1" 200 28
::1 - - [14/Jun/2017:15:13:23 +0800] "GET /phpmyadmin/ HTTP/1.1" 200 48525
::1 - - [14/Jun/2017:15:13:23 +0800] "GET /phpmyadmin/themes/pmahomme/jquery/jquery-ui-1.9.2.custom.css HTTP/1.1" 200 32278
::1 - - [14/Jun/2017:15:13:23 +0800] "GET /phpmyadmin/themes/pmahomme/img/logo_left.png HTTP/1.1" 200 2327
::1 - - [14/Jun/2017:15:13:23 +0800] "GET /phpmyadmin/themes/dot.gif HTTP/1.1" 200 43
::1 - - [14/Jun/2017:15:13:23 +0800] "GET /phpmyadmin/themes/pmahomme/img/ajax_clock_small.gif HTTP/1.1" 200 1810
::1 - - [14/Jun/2017:15:13:23 +0800] "GET /phpmyadmin/phpmyadmin.css.php?server=1&lang=zh_CN&collation_connection=utf8mb4_general_ci&token=4a88eb6a6766412be80c47be6a6e5b6a&nocache=5792660399ltr HTTP/1.1" 200 93053
::1 - - [14/Jun/2017:15:13:23 +0800] "GET /phpmyadmin/js/get_scripts.js.php?lang=zh_CN&collation_connection=utf8mb4_general_ci&token=4a88eb6a6766412be80c47be6a6e5b6a&scripts[]=jquery/jquery-1.8.3.min.js&scripts[]=ajax.js&scripts[]=keyhandler.js&scripts[]=jquery/jquery-ui-1.9.2.custom.min.js&scripts[]=jquery/jquery.sprintf.js&scripts[]=jquery/jquery.cookie.js&scripts[]=jquery/jquery.mousewheel.js&scripts[]=jquery/jquery.event.drag-2.2.js&scripts[]=jquery/jquery-ui-timepicker-addon.js&scripts[]=jquery/jquery.ba-hashchange-1.3.js&scripts[]=jquery/jquery.debounce-1.0.5.js&scripts[]=jquery/jquery.menuResizer-1.0.js&scripts[]=cross_framing_protection.js&scripts[]=rte.js&scripts[]=tracekit/tracekit.js&scripts[]=error_report.js&scripts[]=doclinks.js&scripts[]=functions.js&scripts[]=navigation.js&scripts[]=indexes.js&scripts[]=common.js&scripts[]=codemirror/lib/codemirror.js&scripts[]=codemirror/mode/sql/sql.js&scripts[]=codemirror/addon/runmode/runmode.js HTTP/1.1" 200 1039434
::1 - - [14/Jun/2017:15:13:23 +0800] "GET /phpmyadmin/js/messages.php?lang=zh_CN&db=&collation_connection=utf8mb4_general_ci&token=4a88eb6a6766412be80c47be6a6e5b6a HTTP/1.1" 200 17263
::1 - - [14/Jun/2017:15:13:23 +0800] "GET /phpmyadmin/js/get_image.js.php?theme=pmahomme HTTP/1.1" 200 6388
::1 - - [14/Jun/2017:15:13:23 +0800] "GET /phpmyadmin/themes/pmahomme/img/left_nav_bg.png HTTP/1.1" 200 297
::1 - - [14/Jun/2017:15:13:23 +0800] "GET /phpmyadmin/themes/pmahomme/img/sprites.png HTTP/1.1" 200 41626
::1 - - [14/Jun/2017:15:13:23 +0800] "GET /phpmyadmin/favicon.ico HTTP/1.1" 200 18902
::1 - - [14/Jun/2017:15:13:23 +0800] "GET /phpmyadmin/version_check.php?&_nocache=1497424403751220064 HTTP/1.1" 200 28
::1 - - [14/Jun/2017:15:21:54 +0800] "GET /phpmyadmin/ HTTP/1.1" 200 46193
::1 - - [14/Jun/2017:15:21:54 +0800] "GET /phpmyadmin/js/get_scripts.js.php?token=36c014d614b2f4a4ef9e715130366f6d&scripts[]=jquery/jquery-1.8.3.min.js&scripts[]=ajax.js&scripts[]=keyhandler.js&scripts[]=jquery/jquery-ui-1.9.2.custom.min.js&scripts[]=jquery/jquery.sprintf.js&scripts[]=jquery/jquery.cookie.js&scripts[]=jquery/jquery.mousewheel.js&scripts[]=jquery/jquery.event.drag-2.2.js&scripts[]=jquery/jquery-ui-timepicker-addon.js&scripts[]=jquery/jquery.ba-hashchange-1.3.js&scripts[]=jquery/jquery.debounce-1.0.5.js&scripts[]=jquery/jquery.menuResizer-1.0.js&scripts[]=cross_framing_protection.js&scripts[]=rte.js&scripts[]=tracekit/tracekit.js&scripts[]=error_report.js&scripts[]=doclinks.js&scripts[]=functions.js&scripts[]=navigation.js&scripts[]=indexes.js&scripts[]=common.js&scripts[]=codemirror/lib/codemirror.js&scripts[]=codemirror/mode/sql/sql.js&scripts[]=codemirror/addon/runmode/runmode.js HTTP/1.1" 200 1039434
::1 - - [14/Jun/2017:15:21:54 +0800] "GET /phpmyadmin/phpmyadmin.css.php?server=1&token=36c014d614b2f4a4ef9e715130366f6d&nocache=5792660910ltr HTTP/1.1" 200 93053
::1 - - [14/Jun/2017:15:21:54 +0800] "GET /phpmyadmin/js/messages.php?lang=zh_CN&db=&token=36c014d614b2f4a4ef9e715130366f6d HTTP/1.1" 200 17263
::1 - - [14/Jun/2017:15:21:55 +0800] "GET /phpmyadmin/version_check.php?&_nocache=1497424915022339307 HTTP/1.1" 200 28
::1 - - [14/Jun/2017:15:25:27 +0800] "GET /phpmyadmin/ HTTP/1.1" 200 46193
::1 - - [14/Jun/2017:15:25:27 +0800] "GET /phpmyadmin/version_check.php?&_nocache=1497425127564901564 HTTP/1.1" 200 28
::1 - - [14/Jun/2017:15:25:53 +0800] "GET /phpmyadmin/ HTTP/1.1" 200 46193
::1 - - [14/Jun/2017:15:25:54 +0800] "GET /phpmyadmin/version_check.php?&_nocache=1497425154123286064 HTTP/1.1" 200 28
::1 - - [14/Jun/2017:15:26:36 +0800] "GET / HTTP/1.1" 200 39
::1 - - [14/Jun/2017:15:26:36 +0800] "GET /favicon.ico HTTP/1.1" 404 209
::1 - - [14/Jun/2017:15:43:33 +0800] "GET / HTTP/1.1" 200 39
::1 - - [14/Jun/2017:16:33:57 +0800] "GET / HTTP/1.1" 200 39
::1 - - [14/Jun/2017:16:34:02 +0800] "GET / HTTP/1.1" 200 39
::1 - - [14/Jun/2017:16:34:13 +0800] "GET / HTTP/1.1" 200 39
::1 - - [14/Jun/2017:16:34:18 +0800] "GET / HTTP/1.1" 200 39
::1 - - [14/Jun/2017:16:34:46 +0800] "GET / HTTP/1.1" 200 39
::1 - - [14/Jun/2017:16:34:51 +0800] "GET / HTTP/1.1" 200 39
::1 - - [14/Jun/2017:16:35:07 +0800] "GET /phpmyadmin/ HTTP/1.1" 200 4583
::1 - - [14/Jun/2017:16:35:08 +0800] "GET /phpmyadmin/phpmyadmin.css.php?server=1&token=36c014d614b2f4a4ef9e715130366f6d&nocache=4295235996ltr HTTP/1.1" 200 93053
::1 - - [14/Jun/2017:16:35:08 +0800] "GET /phpmyadmin/js/get_scripts.js.php?token=36c014d614b2f4a4ef9e715130366f6d&scripts[]=jquery/jquery-1.8.3.min.js&scripts[]=ajax.js&scripts[]=keyhandler.js&scripts[]=jquery/jquery-ui-1.9.2.custom.min.js&scripts[]=jquery/jquery.sprintf.js&scripts[]=jquery/jquery.cookie.js&scripts[]=jquery/jquery.mousewheel.js&scripts[]=jquery/jquery.event.drag-2.2.js&scripts[]=jquery/jquery-ui-timepicker-addon.js&scripts[]=jquery/jquery.ba-hashchange-1.3.js&scripts[]=jquery/jquery.debounce-1.0.5.js&scripts[]=jquery/jquery.menuResizer-1.0.js&scripts[]=cross_framing_protection.js&scripts[]=rte.js&scripts[]=tracekit/tracekit.js&scripts[]=error_report.js&scripts[]=doclinks.js&scripts[]=functions.js&scripts[]=navigation.js&scripts[]=indexes.js&scripts[]=common.js&scripts[]=codemirror/lib/codemirror.js&scripts[]=codemirror/mode/sql/sql.js&scripts[]=codemirror/addon/runmode/runmode.js HTTP/1.1" 200 1039434
::1 - - [14/Jun/2017:16:35:38 +0800] "GET / HTTP/1.1" 200 39
::1 - - [14/Jun/2017:16:35:42 +0800] "GET / HTTP/1.1" 200 39
::1 - - [14/Jun/2017:16:35:47 +0800] "GET / HTTP/1.1" 200 39
::1 - - [14/Jun/2017:16:35:48 +0800] "GET /favicon.ico HTTP/1.1" 404 209
::1 - - [14/Jun/2017:16:36:08 +0800] "GET / HTTP/1.1" 200 39
::1 - - [14/Jun/2017:16:36:12 +0800] "GET / HTTP/1.1" 200 39
::1 - - [14/Jun/2017:16:36:47 +0800] "GET /phpmyadmin/ HTTP/1.1" 200 4583
::1 - - [14/Jun/2017:16:36:48 +0800] "GET /phpmyadmin/js/get_scripts.js.php?token=2eba2f995bc0b2fd4d0fb002fbb1fb02&scripts[]=jquery/jquery-1.8.3.min.js&scripts[]=ajax.js&scripts[]=keyhandler.js&scripts[]=jquery/jquery-ui-1.9.2.custom.min.js&scripts[]=jquery/jquery.sprintf.js&scripts[]=jquery/jquery.cookie.js&scripts[]=jquery/jquery.mousewheel.js&scripts[]=jquery/jquery.event.drag-2.2.js&scripts[]=jquery/jquery-ui-timepicker-addon.js&scripts[]=jquery/jquery.ba-hashchange-1.3.js&scripts[]=jquery/jquery.debounce-1.0.5.js&scripts[]=jquery/jquery.menuResizer-1.0.js&scripts[]=cross_framing_protection.js&scripts[]=rte.js&scripts[]=tracekit/tracekit.js&scripts[]=error_report.js&scripts[]=doclinks.js&scripts[]=functions.js&scripts[]=navigation.js&scripts[]=indexes.js&scripts[]=common.js&scripts[]=codemirror/lib/codemirror.js&scripts[]=codemirror/mode/sql/sql.js&scripts[]=codemirror/addon/runmode/runmode.js HTTP/1.1" 200 1039434
::1 - - [14/Jun/2017:16:36:48 +0800] "GET /phpmyadmin/js/messages.php?lang=zh_CN&db=&token=2eba2f995bc0b2fd4d0fb002fbb1fb02 HTTP/1.1" 200 17263
::1 - - [14/Jun/2017:16:36:48 +0800] "GET /phpmyadmin/phpmyadmin.css.php?server=1&token=2eba2f995bc0b2fd4d0fb002fbb1fb02&nocache=4295235996ltr HTTP/1.1" 200 93053
::1 - - [14/Jun/2017:16:36:52 +0800] "GET /phpmyadmin/ HTTP/1.1" 200 4583
::1 - - [14/Jun/2017:16:38:07 +0800] "GET / HTTP/1.1" 200 39
::1 - - [14/Jun/2017:16:38:11 +0800] "GET / HTTP/1.1" 200 39
::1 - - [14/Jun/2017:16:38:15 +0800] "GET /phpmyadmin/ HTTP/1.1" 200 4583
::1 - - [14/Jun/2017:16:38:18 +0800] "GET / HTTP/1.1" 200 39
::1 - - [14/Jun/2017:16:38:46 +0800] "GET / HTTP/1.1" 200 39
::1 - - [14/Jun/2017:16:38:52 +0800] "GET / HTTP/1.1" 200 39
::1 - - [14/Jun/2017:16:38:55 +0800] "GET /phpmyadmin/ HTTP/1.1" 200 4583
::1 - - [14/Jun/2017:16:39:02 +0800] "GET /phpmyadmin/ HTTP/1.1" 200 4583
::1 - - [14/Jun/2017:16:39:54 +0800] "GET / HTTP/1.1" 200 39
::1 - - [14/Jun/2017:17:09:44 +0800] "GET / HTTP/1.1" 200 191
::1 - - [14/Jun/2017:17:09:44 +0800] "GET /favicon.ico HTTP/1.1" 404 209
::1 - - [14/Jun/2017:17:11:14 +0800] "GET / HTTP/1.1" 200 191
::1 - - [14/Jun/2017:17:11:15 +0800] "GET / HTTP/1.1" 200 191
::1 - - [14/Jun/2017:17:11:15 +0800] "GET / HTTP/1.1" 200 191
::1 - - [14/Jun/2017:17:11:15 +0800] "GET / HTTP/1.1" 200 191
::1 - - [14/Jun/2017:17:13:01 +0800] "GET / HTTP/1.1" 200 191
::1 - - [14/Jun/2017:17:13:02 +0800] "GET / HTTP/1.1" 200 191
::1 - - [14/Jun/2017:17:13:02 +0800] "GET / HTTP/1.1" 200 191
::1 - - [14/Jun/2017:17:13:02 +0800] "GET / HTTP/1.1" 200 191
::1 - - [14/Jun/2017:17:13:02 +0800] "GET / HTTP/1.1" 200 191
::1 - - [14/Jun/2017:17:13:02 +0800] "GET / HTTP/1.1" 200 191
::1 - - [14/Jun/2017:17:13:03 +0800] "GET / HTTP/1.1" 200 191
::1 - - [14/Jun/2017:17:13:03 +0800] "GET / HTTP/1.1" 200 191
::1 - - [14/Jun/2017:17:13:03 +0800] "GET / HTTP/1.1" 200 191
::1 - - [14/Jun/2017:17:13:03 +0800] "GET / HTTP/1.1" 200 191
::1 - - [14/Jun/2017:17:14:23 +0800] "GET / HTTP/1.1" 200 191
::1 - - [14/Jun/2017:17:14:24 +0800] "GET / HTTP/1.1" 200 191
::1 - - [14/Jun/2017:17:14:24 +0800] "GET / HTTP/1.1" 200 191
::1 - - [14/Jun/2017:17:14:24 +0800] "GET / HTTP/1.1" 200 191
::1 - - [14/Jun/2017:17:14:24 +0800] "GET / HTTP/1.1" 200 191
::1 - - [14/Jun/2017:17:14:24 +0800] "GET / HTTP/1.1" 200 191
::1 - - [14/Jun/2017:17:14:24 +0800] "GET / HTTP/1.1" 200 191
::1 - - [14/Jun/2017:17:14:29 +0800] "GET / HTTP/1.1" 200 191
::1 - - [14/Jun/2017:17:14:30 +0800] "GET / HTTP/1.1" 200 191
::1 - - [14/Jun/2017:17:14:30 +0800] "GET / HTTP/1.1" 200 191
::1 - - [14/Jun/2017:17:14:51 +0800] "GET / HTTP/1.1" 200 191
::1 - - [14/Jun/2017:17:14:51 +0800] "GET / HTTP/1.1" 200 191
::1 - - [14/Jun/2017:17:14:51 +0800] "GET / HTTP/1.1" 200 191
::1 - - [14/Jun/2017:17:14:52 +0800] "GET / HTTP/1.1" 200 191
::1 - - [14/Jun/2017:17:17:10 +0800] "GET / HTTP/1.1" 200 191
::1 - - [14/Jun/2017:17:17:10 +0800] "GET / HTTP/1.1" 200 191
::1 - - [14/Jun/2017:17:17:11 +0800] "GET / HTTP/1.1" 200 191
::1 - - [14/Jun/2017:17:17:11 +0800] "GET / HTTP/1.1" 200 191
::1 - - [14/Jun/2017:17:17:11 +0800] "GET / HTTP/1.1" 200 191
::1 - - [14/Jun/2017:17:17:11 +0800] "GET / HTTP/1.1" 200 191
::1 - - [14/Jun/2017:17:17:11 +0800] "GET / HTTP/1.1" 200 191
::1 - - [14/Jun/2017:17:17:11 +0800] "GET / HTTP/1.1" 200 191
::1 - - [14/Jun/2017:17:17:12 +0800] "GET / HTTP/1.1" 200 191
::1 - - [14/Jun/2017:17:17:12 +0800] "GET / HTTP/1.1" 200 191
::1 - - [14/Jun/2017:17:17:12 +0800] "GET / HTTP/1.1" 200 191
::1 - - [14/Jun/2017:17:17:12 +0800] "GET / HTTP/1.1" 200 191
::1 - - [14/Jun/2017:17:17:12 +0800] "GET / HTTP/1.1" 200 191
::1 - - [14/Jun/2017:17:17:13 +0800] "GET / HTTP/1.1" 200 191
::1 - - [14/Jun/2017:17:17:13 +0800] "GET / HTTP/1.1" 200 191
::1 - - [14/Jun/2017:17:17:13 +0800] "GET / HTTP/1.1" 200 191
::1 - - [14/Jun/2017:17:17:13 +0800] "GET / HTTP/1.1" 200 191
::1 - - [14/Jun/2017:17:17:13 +0800] "GET / HTTP/1.1" 200 191
::1 - - [14/Jun/2017:17:18:36 +0800] "GET / HTTP/1.1" 200 191
127.0.0.1 - - [14/Jun/2017:17:18:36 +0800] "GET / HTTP/1.1" 200 191
127.0.0.1 - - [14/Jun/2017:17:18:37 +0800] "GET / HTTP/1.1" 200 191
127.0.0.1 - - [14/Jun/2017:17:18:37 +0800] "GET / HTTP/1.1" 200 191
127.0.0.1 - - [14/Jun/2017:17:18:37 +0800] "GET / HTTP/1.1" 200 191
127.0.0.1 - - [14/Jun/2017:17:18:37 +0800] "GET / HTTP/1.1" 200 191
127.0.0.1 - - [14/Jun/2017:17:18:37 +0800] "GET / HTTP/1.1" 200 191
127.0.0.1 - - [14/Jun/2017:17:18:38 +0800] "GET / HTTP/1.1" 200 191
127.0.0.1 - - [14/Jun/2017:17:18:38 +0800] "GET / HTTP/1.1" 200 191
127.0.0.1 - - [14/Jun/2017:17:18:38 +0800] "GET / HTTP/1.1" 200 191
127.0.0.1 - - [14/Jun/2017:17:18:39 +0800] "GET / HTTP/1.1" 200 191
127.0.0.1 - - [14/Jun/2017:17:18:39 +0800] "GET / HTTP/1.1" 200 191
127.0.0.1 - - [14/Jun/2017:17:18:39 +0800] "GET / HTTP/1.1" 200 191
127.0.0.1 - - [14/Jun/2017:17:18:39 +0800] "GET / HTTP/1.1" 200 191
127.0.0.1 - - [14/Jun/2017:17:18:40 +0800] "GET / HTTP/1.1" 200 191
127.0.0.1 - - [14/Jun/2017:17:18:40 +0800] "GET / HTTP/1.1" 200 191
127.0.0.1 - - [14/Jun/2017:17:18:40 +0800] "GET / HTTP/1.1" 200 191
127.0.0.1 - - [14/Jun/2017:17:18:40 +0800] "GET / HTTP/1.1" 200 191
127.0.0.1 - - [14/Jun/2017:17:18:40 +0800] "GET / HTTP/1.1" 200 191
127.0.0.1 - - [14/Jun/2017:17:18:40 +0800] "GET / HTTP/1.1" 200 191
127.0.0.1 - - [14/Jun/2017:17:18:40 +0800] "GET / HTTP/1.1" 200 191
::1 - - [14/Jun/2017:17:24:48 +0800] "GET / HTTP/1.1" 200 191
::1 - - [14/Jun/2017:17:24:48 +0800] "GET / HTTP/1.1" 200 191
::1 - - [14/Jun/2017:17:24:48 +0800] "GET / HTTP/1.1" 200 191
::1 - - [14/Jun/2017:17:24:48 +0800] "GET / HTTP/1.1" 200 191
::1 - - [14/Jun/2017:17:24:48 +0800] "GET / HTTP/1.1" 200 191
::1 - - [14/Jun/2017:17:28:35 +0800] "GET / HTTP/1.1" 200 191
::1 - - [14/Jun/2017:17:28:35 +0800] "GET / HTTP/1.1" 200 191
::1 - - [14/Jun/2017:17:28:35 +0800] "GET / HTTP/1.1" 200 191
::1 - - [14/Jun/2017:17:28:35 +0800] "GET / HTTP/1.1" 200 191
::1 - - [14/Jun/2017:17:28:35 +0800] "GET / HTTP/1.1" 200 191
::1 - - [14/Jun/2017:17:28:35 +0800] "GET / HTTP/1.1" 200 191
::1 - - [14/Jun/2017:17:28:35 +0800] "GET / HTTP/1.1" 200 191
::1 - - [14/Jun/2017:17:28:35 +0800] "GET / HTTP/1.1" 200 191
::1 - - [14/Jun/2017:17:28:36 +0800] "GET / HTTP/1.1" 200 191
::1 - - [14/Jun/2017:17:28:36 +0800] "GET / HTTP/1.1" 200 191
::1 - - [14/Jun/2017:17:28:37 +0800] "GET / HTTP/1.1" 200 191
::1 - - [14/Jun/2017:17:28:37 +0800] "GET / HTTP/1.1" 200 191
::1 - - [14/Jun/2017:17:28:37 +0800] "GET / HTTP/1.1" 200 191
::1 - - [14/Jun/2017:17:28:37 +0800] "GET / HTTP/1.1" 200 191
::1 - - [14/Jun/2017:17:28:37 +0800] "GET / HTTP/1.1" 200 191
::1 - - [14/Jun/2017:17:28:37 +0800] "GET / HTTP/1.1" 200 191
::1 - - [14/Jun/2017:17:28:37 +0800] "GET / HTTP/1.1" 200 191
::1 - - [14/Jun/2017:17:28:38 +0800] "GET / HTTP/1.1" 200 191
::1 - - [14/Jun/2017:17:28:38 +0800] "GET / HTTP/1.1" 200 191
::1 - - [14/Jun/2017:17:28:38 +0800] "GET / HTTP/1.1" 200 191
::1 - - [14/Jun/2017:17:29:18 +0800] "GET / HTTP/1.1" 200 191
::1 - - [14/Jun/2017:17:29:18 +0800] "GET / HTTP/1.1" 200 191
::1 - - [14/Jun/2017:17:29:18 +0800] "GET / HTTP/1.1" 200 191
::1 - - [14/Jun/2017:17:29:18 +0800] "GET / HTTP/1.1" 200 191
::1 - - [14/Jun/2017:17:29:18 +0800] "GET / HTTP/1.1" 200 191
::1 - - [14/Jun/2017:17:29:18 +0800] "GET / HTTP/1.1" 200 191
::1 - - [14/Jun/2017:17:29:19 +0800] "GET / HTTP/1.1" 200 191
::1 - - [14/Jun/2017:17:29:19 +0800] "GET / HTTP/1.1" 200 191
::1 - - [14/Jun/2017:17:29:19 +0800] "GET / HTTP/1.1" 200 191
::1 - - [14/Jun/2017:17:29:19 +0800] "GET / HTTP/1.1" 200 191
::1 - - [14/Jun/2017:17:29:52 +0800] "GET / HTTP/1.1" 200 191
::1 - - [14/Jun/2017:17:29:52 +0800] "GET / HTTP/1.1" 200 191
::1 - - [14/Jun/2017:17:29:52 +0800] "GET / HTTP/1.1" 200 191
::1 - - [14/Jun/2017:17:29:52 +0800] "GET / HTTP/1.1" 200 191
::1 - - [14/Jun/2017:17:31:32 +0800] "GET /phpmyadmin/ HTTP/1.1" 200 45705
::1 - - [14/Jun/2017:17:31:33 +0800] "GET /phpmyadmin/js/get_scripts.js.php?token=e0a74ef07bfb4b1f5a7afb849e0838a9&scripts[]=jquery/jquery-1.8.3.min.js&scripts[]=ajax.js&scripts[]=keyhandler.js&scripts[]=jquery/jquery-ui-1.9.2.custom.min.js&scripts[]=jquery/jquery.sprintf.js&scripts[]=jquery/jquery.cookie.js&scripts[]=jquery/jquery.mousewheel.js&scripts[]=jquery/jquery.event.drag-2.2.js&scripts[]=jquery/jquery-ui-timepicker-addon.js&scripts[]=jquery/jquery.ba-hashchange-1.3.js&scripts[]=jquery/jquery.debounce-1.0.5.js&scripts[]=jquery/jquery.menuResizer-1.0.js&scripts[]=cross_framing_protection.js&scripts[]=rte.js&scripts[]=tracekit/tracekit.js&scripts[]=error_report.js&scripts[]=doclinks.js&scripts[]=functions.js&scripts[]=navigation.js&scripts[]=indexes.js&scripts[]=common.js&scripts[]=codemirror/lib/codemirror.js&scripts[]=codemirror/mode/sql/sql.js&scripts[]=codemirror/addon/runmode/runmode.js HTTP/1.1" 200 1039434
::1 - - [14/Jun/2017:17:31:33 +0800] "GET /phpmyadmin/phpmyadmin.css.php?server=1&token=e0a74ef07bfb4b1f5a7afb849e0838a9&nocache=5792668689ltr HTTP/1.1" 200 93053
::1 - - [14/Jun/2017:17:31:33 +0800] "GET /phpmyadmin/js/messages.php?lang=zh_CN&db=&token=e0a74ef07bfb4b1f5a7afb849e0838a9 HTTP/1.1" 200 17263
::1 - - [14/Jun/2017:17:31:33 +0800] "GET /phpmyadmin/version_check.php?&_nocache=149743269354327556 HTTP/1.1" 200 28
::1 - - [14/Jun/2017:17:31:36 +0800] "GET /phpmyadmin/ HTTP/1.1" 200 45705
::1 - - [14/Jun/2017:17:31:37 +0800] "GET /phpmyadmin/version_check.php?&_nocache=1497432697080803333 HTTP/1.1" 200 28
::1 - - [14/Jun/2017:17:59:13 +0800] "GET / HTTP/1.1" 200 191
::1 - - [14/Jun/2017:17:59:16 +0800] "GET / HTTP/1.1" 200 191
::1 - - [14/Jun/2017:17:59:16 +0800] "GET / HTTP/1.1" 200 191
::1 - - [14/Jun/2017:17:59:16 +0800] "GET / HTTP/1.1" 200 191
::1 - - [14/Jun/2017:17:59:16 +0800] "GET / HTTP/1.1" 200 191
::1 - - [14/Jun/2017:17:59:16 +0800] "GET / HTTP/1.1" 200 191
::1 - - [14/Jun/2017:17:59:17 +0800] "GET / HTTP/1.1" 200 191
::1 - - [14/Jun/2017:17:59:17 +0800] "GET / HTTP/1.1" 200 191
::1 - - [14/Jun/2017:17:59:17 +0800] "GET / HTTP/1.1" 200 191
::1 - - [14/Jun/2017:17:59:17 +0800] "GET / HTTP/1.1" 200 191
::1 - - [14/Jun/2017:17:59:17 +0800] "GET / HTTP/1.1" 200 191
::1 - - [14/Jun/2017:17:59:18 +0800] "GET / HTTP/1.1" 200 191
::1 - - [14/Jun/2017:17:59:18 +0800] "GET / HTTP/1.1" 200 191
::1 - - [14/Jun/2017:17:59:18 +0800] "GET / HTTP/1.1" 200 191
::1 - - [14/Jun/2017:17:59:18 +0800] "GET / HTTP/1.1" 200 191
::1 - - [14/Jun/2017:17:59:19 +0800] "GET / HTTP/1.1" 200 191
::1 - - [14/Jun/2017:17:59:36 +0800] "GET / HTTP/1.1" 200 39
::1 - - [14/Jun/2017:17:59:37 +0800] "GET / HTTP/1.1" 200 39
::1 - - [14/Jun/2017:17:59:37 +0800] "GET / HTTP/1.1" 200 39
::1 - - [14/Jun/2017:17:59:39 +0800] "GET /phpmyadmin/ HTTP/1.1" 200 4583
::1 - - [14/Jun/2017:17:59:40 +0800] "GET /phpmyadmin/phpmyadmin.css.php?server=1&token=e0a74ef07bfb4b1f5a7afb849e0838a9&nocache=4295235996ltr HTTP/1.1" 200 93053
::1 - - [14/Jun/2017:17:59:45 +0800] "GET /phpmyadmin/ HTTP/1.1" 200 45705
::1 - - [14/Jun/2017:17:59:45 +0800] "GET /phpmyadmin/themes/pmahomme/jquery/jquery-ui-1.9.2.custom.css HTTP/1.1" 304 -
::1 - - [14/Jun/2017:17:59:45 +0800] "GET /phpmyadmin/themes/pmahomme/img/logo_left.png HTTP/1.1" 304 -
::1 - - [14/Jun/2017:17:59:45 +0800] "GET /phpmyadmin/themes/dot.gif HTTP/1.1" 304 -
::1 - - [14/Jun/2017:17:59:45 +0800] "GET /phpmyadmin/themes/pmahomme/img/ajax_clock_small.gif HTTP/1.1" 304 -
::1 - - [14/Jun/2017:17:59:45 +0800] "GET /phpmyadmin/phpmyadmin.css.php?server=1&token=e0a74ef07bfb4b1f5a7afb849e0838a9&nocache=5792668689ltr HTTP/1.1" 200 93053
::1 - - [14/Jun/2017:17:59:45 +0800] "GET /phpmyadmin/js/get_scripts.js.php?token=e0a74ef07bfb4b1f5a7afb849e0838a9&scripts[]=jquery/jquery-1.8.3.min.js&scripts[]=ajax.js&scripts[]=keyhandler.js&scripts[]=jquery/jquery-ui-1.9.2.custom.min.js&scripts[]=jquery/jquery.sprintf.js&scripts[]=jquery/jquery.cookie.js&scripts[]=jquery/jquery.mousewheel.js&scripts[]=jquery/jquery.event.drag-2.2.js&scripts[]=jquery/jquery-ui-timepicker-addon.js&scripts[]=jquery/jquery.ba-hashchange-1.3.js&scripts[]=jquery/jquery.debounce-1.0.5.js&scripts[]=jquery/jquery.menuResizer-1.0.js&scripts[]=cross_framing_protection.js&scripts[]=rte.js&scripts[]=tracekit/tracekit.js&scripts[]=error_report.js&scripts[]=doclinks.js&scripts[]=functions.js&scripts[]=navigation.js&scripts[]=indexes.js&scripts[]=common.js&scripts[]=codemirror/lib/codemirror.js&scripts[]=codemirror/mode/sql/sql.js&scripts[]=codemirror/addon/runmode/runmode.js HTTP/1.1" 200 1039434
::1 - - [14/Jun/2017:17:59:45 +0800] "GET /phpmyadmin/js/messages.php?lang=zh_CN&db=&token=e0a74ef07bfb4b1f5a7afb849e0838a9 HTTP/1.1" 200 17263
::1 - - [14/Jun/2017:17:59:45 +0800] "GET /phpmyadmin/js/get_image.js.php?theme=pmahomme HTTP/1.1" 200 6388
::1 - - [14/Jun/2017:17:59:46 +0800] "GET /phpmyadmin/themes/pmahomme/img/left_nav_bg.png HTTP/1.1" 304 -
::1 - - [14/Jun/2017:17:59:46 +0800] "GET /phpmyadmin/themes/pmahomme/img/sprites.png HTTP/1.1" 304 -
::1 - - [14/Jun/2017:17:59:46 +0800] "GET /phpmyadmin/version_check.php?&_nocache=1497434386140447010 HTTP/1.1" 200 28
